2023-10-08 00:49:22.302 - INFO - 6977 - azureml.train.automl._local_managed_utils.is_docker_installed:354 - Docker is installed with Docker version 20.10.25+azure-2, build b82b9f3a0e763304a250531cb9350aa6d93723c9
.
2023-10-08 00:49:22.313 - INFO - 6977 - azureml.train.automl.automlconfig._start_execution:231 - Submitting remote.
2023-10-08 00:49:45.285 - INFO - 6977 - azureml.train.automl._local_managed_utils.is_docker_installed:354 - Docker is installed with Docker version 20.10.25+azure-2, build b82b9f3a0e763304a250531cb9350aa6d93723c9
.
2023-10-08 00:49:45.369 - INFO - 6977 - azureml.train.automl.automlconfig._start_execution:231 - Submitting remote.
2023-10-08 00:50:11.064 - INFO - 6977 - azureml.train.automl._local_managed_utils.is_docker_installed:354 - Docker is installed with Docker version 20.10.25+azure-2, build b82b9f3a0e763304a250531cb9350aa6d93723c9
.
2023-10-08 00:50:11.073 - INFO - 6977 - azureml.train.automl.automlconfig._start_execution:231 - Submitting remote.
2023-10-08 00:53:23.774 - INFO - 6977 - azureml.train.automl._local_managed_utils.is_docker_installed:354 - Docker is installed with Docker version 20.10.25+azure-2, build b82b9f3a0e763304a250531cb9350aa6d93723c9
.
2023-10-08 01:04:24.198 - INFO - 6977 - azureml.train.automl._local_managed_utils.is_docker_installed:354 - Docker is installed with Docker version 20.10.25+azure-2, build b82b9f3a0e763304a250531cb9350aa6d93723c9
.
2023-10-08 01:04:24.215 - INFO - 6977 - azureml.train.automl.automlconfig._start_execution:231 - Submitting remote.
2023-10-08 01:27:46.189 - INFO - 6977 - azureml.train.automl.run._log_activity:55 - ActivityStarted: GetOutput
2023-10-08 01:27:46.219 - INFO - 6977 - azureml.train.automl.run._log_activity:55 - ActivityStarted: GetOutput
2023-10-08 01:27:46.271 - INFO - 6977 - azureml.train.automl.run._log_activity:55 - ActivityStarted: GetChildren
2023-10-08 01:27:46.546 - INFO - 6977 - azureml.train.automl.run._log_activity:89 - ActivityCompleted: Activity=GetChildren, HowEnded=Success, Duration=274.52[ms]
2023-10-08 01:27:46.815 - INFO - 6977 - azureml.train.automl.run._log_activity:89 - ActivityCompleted: Activity=GetOutput, HowEnded=Success, Duration=595.51[ms]
2023-10-08 01:27:46.821 - INFO - 6977 - azureml.train.automl._model_download_utilities._log_activity:55 - ActivityStarted: DownloadModel
2023-10-08 01:27:58.935 - INFO - 6977 - azureml.automl.runtime.featurization.data_transformer.__init__:190 - Feature sweeping enabled: False
2023-10-08 01:27:58.943 - INFO - 6977 - azureml.automl.runtime.featurization.data_transformer.__init__:191 - Feature sweeping timeout: 86400
2023-10-08 01:28:02.856 - INFO - 6977 - azureml.train.automl._model_download_utilities._log_activity:89 - ActivityCompleted: Activity=DownloadModel, HowEnded=Success, Duration=16035.55[ms]
2023-10-08 01:28:02.864 - INFO - 6977 - azureml.train.automl.run._log_activity:89 - ActivityCompleted: Activity=GetOutput, HowEnded=Success, Duration=16674.5[ms]
2023-10-08 01:28:35.434 - INFO - 6977 - azureml.train.automl.run._log_activity:55 - ActivityStarted: GetOutput
2023-10-08 01:28:35.470 - INFO - 6977 - azureml.train.automl.run._log_activity:55 - ActivityStarted: GetOutput
2023-10-08 01:28:35.502 - INFO - 6977 - azureml.train.automl.run._log_activity:55 - ActivityStarted: GetChildren
2023-10-08 01:28:35.958 - INFO - 6977 - azureml.train.automl.run._log_activity:89 - ActivityCompleted: Activity=GetChildren, HowEnded=Success, Duration=455.34[ms]
2023-10-08 01:28:36.080 - INFO - 6977 - azureml.train.automl.run._log_activity:89 - ActivityCompleted: Activity=GetOutput, HowEnded=Success, Duration=609.56[ms]
2023-10-08 01:28:36.085 - INFO - 6977 - azureml.train.automl._model_download_utilities._log_activity:55 - ActivityStarted: DownloadModel
2023-10-08 01:28:37.417 - INFO - 6977 - azureml.automl.runtime.featurization.data_transformer.__init__:190 - Feature sweeping enabled: False
2023-10-08 01:28:37.422 - INFO - 6977 - azureml.automl.runtime.featurization.data_transformer.__init__:191 - Feature sweeping timeout: 86400
2023-10-08 01:28:37.517 - INFO - 6977 - azureml.train.automl._model_download_utilities._log_activity:89 - ActivityCompleted: Activity=DownloadModel, HowEnded=Success, Duration=1431.61[ms]
2023-10-08 01:28:37.533 - INFO - 6977 - azureml.train.automl.run._log_activity:89 - ActivityCompleted: Activity=GetOutput, HowEnded=Success, Duration=2098.13[ms]
