2023-10-08 00:49:22.426 - INFO - 6977 - azureml.train.automl._experiment_drivers.driver_utilities.modify_run_configuration:239 - Package azureml-train-automl missing from dependencies file.
2023-10-08 00:49:22.426 - INFO - 6977 - azureml.train.automl._experiment_drivers.driver_utilities.modify_run_configuration:245 - Using pinned version: azureml-train-automl==1.51.0.*
2023-10-08 00:49:22.427 - INFO - 6977 - azureml.train.automl._experiment_drivers.driver_utilities.modify_run_configuration:239 - Package pandas missing from dependencies file.
2023-10-08 00:49:22.427 - INFO - 6977 - azureml.train.automl._experiment_drivers.driver_utilities.modify_run_configuration:245 - Using pinned version: pandas==1.1.5
2023-10-08 00:49:22.427 - INFO - 6977 - azureml.train.automl._experiment_drivers.driver_utilities.modify_run_configuration:239 - Package psutil missing from dependencies file.
2023-10-08 00:49:22.428 - INFO - 6977 - azureml.train.automl._experiment_drivers.driver_utilities.modify_run_configuration:245 - Using pinned version: psutil>5.0.0,<6.0.0
2023-10-08 00:49:22.428 - INFO - 6977 - azureml.train.automl._experiment_drivers.driver_utilities.modify_run_configuration:239 - Package scikit-learn missing from dependencies file.
2023-10-08 00:49:22.428 - INFO - 6977 - azureml.train.automl._experiment_drivers.driver_utilities.modify_run_configuration:245 - Using pinned version: scikit-learn==0.22.1
2023-10-08 00:49:22.429 - INFO - 6977 - azureml.train.automl._experiment_drivers.driver_utilities.modify_run_configuration:239 - Package numpy missing from dependencies file.
2023-10-08 00:49:22.429 - INFO - 6977 - azureml.train.automl._experiment_drivers.driver_utilities.modify_run_configuration:245 - Using pinned version: numpy==1.21.6
2023-10-08 00:49:22.429 - INFO - 6977 - azureml.train.automl._experiment_drivers.driver_utilities.modify_run_configuration:239 - Package py-xgboost missing from dependencies file.
2023-10-08 00:49:22.430 - INFO - 6977 - azureml.train.automl._experiment_drivers.driver_utilities.modify_run_configuration:245 - Using pinned version: py-xgboost==1.3.3
2023-10-08 00:49:22.430 - INFO - 6977 - azureml.train.automl._experiment_drivers.driver_utilities.modify_run_configuration:239 - Package inference-schema missing from dependencies file.
2023-10-08 00:49:22.431 - INFO - 6977 - azureml.train.automl._experiment_drivers.driver_utilities.modify_run_configuration:249 - Using installed version: inference-schema==1.5.1
2023-10-08 00:49:22.431 - INFO - 6977 - azureml.train.automl._experiment_drivers.driver_utilities.modify_run_configuration:239 - Package fbprophet missing from dependencies file.
2023-10-08 00:49:22.431 - INFO - 6977 - azureml.train.automl._experiment_drivers.driver_utilities.modify_run_configuration:245 - Using pinned version: fbprophet==0.7.1
2023-10-08 00:49:22.432 - INFO - 6977 - azureml.train.automl._experiment_drivers.driver_utilities.modify_run_configuration:239 - Package holidays missing from dependencies file.
2023-10-08 00:49:22.432 - INFO - 6977 - azureml.train.automl._experiment_drivers.driver_utilities.modify_run_configuration:245 - Using pinned version: holidays==0.10.3
2023-10-08 00:49:22.432 - INFO - 6977 - azureml.train.automl._experiment_drivers.driver_utilities.modify_run_configuration:239 - Package joblib missing from dependencies file.
2023-10-08 00:49:22.433 - INFO - 6977 - azureml.train.automl._experiment_drivers.driver_utilities.modify_run_configuration:245 - Using pinned version: joblib==0.14.1
2023-10-08 00:49:22.433 - INFO - 6977 - azureml.train.automl._experiment_drivers.driver_utilities.modify_run_configuration:239 - Package pystan missing from dependencies file.
2023-10-08 00:49:22.433 - INFO - 6977 - azureml.train.automl._experiment_drivers.driver_utilities.modify_run_configuration:245 - Using pinned version: pystan==2.19.1.1
2023-10-08 00:49:22.434 - INFO - 6977 - azureml.train.automl._experiment_drivers.driver_utilities.modify_run_configuration:239 - Package setuptools-git missing from dependencies file.
2023-10-08 00:49:22.434 - INFO - 6977 - azureml.train.automl._experiment_drivers.driver_utilities.modify_run_configuration:249 - Using installed version: setuptools-git==1.2
2023-10-08 00:49:22.435 - INFO - 6977 - azureml.train.automl._experiment_drivers.driver_utilities.modify_run_configuration:239 - Package urllib3 missing from dependencies file.
2023-10-08 00:49:22.435 - INFO - 6977 - azureml.train.automl._experiment_drivers.driver_utilities.modify_run_configuration:249 - Using installed version: urllib3==1.26.16
2023-10-08 00:49:22.435 - INFO - 6977 - azureml.train.automl._experiment_drivers.driver_utilities.modify_run_configuration:239 - Package azure-core missing from dependencies file.
2023-10-08 00:49:22.436 - INFO - 6977 - azureml.train.automl._experiment_drivers.driver_utilities.modify_run_configuration:249 - Using installed version: azure-core==1.26.4
2023-10-08 00:49:22.436 - INFO - 6977 - azureml.train.automl._experiment_drivers.driver_utilities.modify_run_configuration:239 - Package boto3 missing from dependencies file.
2023-10-08 00:49:22.436 - INFO - 6977 - azureml.train.automl._experiment_drivers.driver_utilities.modify_run_configuration:245 - Using pinned version: boto3==1.15.18
2023-10-08 00:49:22.437 - INFO - 6977 - azureml.train.automl._experiment_drivers.driver_utilities.modify_run_configuration:239 - Package botocore missing from dependencies file.
2023-10-08 00:49:22.437 - INFO - 6977 - azureml.train.automl._experiment_drivers.driver_utilities.modify_run_configuration:245 - Using pinned version: botocore==1.18.18
2023-10-08 00:49:22.439 - INFO - 6977 - azureml.automl.core.dataset_utilities._save_datasets_to_json:255 - JSON serialization of input of type <class 'NoneType'> is un-supported.
2023-10-08 00:49:22.439 - INFO - 6977 - azureml.automl.core.dataset_utilities._save_datasets_to_json:255 - JSON serialization of input of type <class 'NoneType'> is un-supported.
2023-10-08 00:49:22.441 - INFO - 6977 - azureml.train.automl._experiment_drivers.driver_utilities.validate_input:124 - Start data validation.
2023-10-08 00:49:45.452 - INFO - 6977 - azureml.train.automl._experiment_drivers.driver_utilities.modify_run_configuration:239 - Package azureml-train-automl missing from dependencies file.
2023-10-08 00:49:45.452 - INFO - 6977 - azureml.train.automl._experiment_drivers.driver_utilities.modify_run_configuration:245 - Using pinned version: azureml-train-automl==1.51.0.*
2023-10-08 00:49:45.452 - INFO - 6977 - azureml.train.automl._experiment_drivers.driver_utilities.modify_run_configuration:239 - Package pandas missing from dependencies file.
2023-10-08 00:49:45.453 - INFO - 6977 - azureml.train.automl._experiment_drivers.driver_utilities.modify_run_configuration:245 - Using pinned version: pandas==1.1.5
2023-10-08 00:49:45.453 - INFO - 6977 - azureml.train.automl._experiment_drivers.driver_utilities.modify_run_configuration:239 - Package psutil missing from dependencies file.
2023-10-08 00:49:45.453 - INFO - 6977 - azureml.train.automl._experiment_drivers.driver_utilities.modify_run_configuration:245 - Using pinned version: psutil>5.0.0,<6.0.0
2023-10-08 00:49:45.453 - INFO - 6977 - azureml.train.automl._experiment_drivers.driver_utilities.modify_run_configuration:239 - Package scikit-learn missing from dependencies file.
2023-10-08 00:49:45.454 - INFO - 6977 - azureml.train.automl._experiment_drivers.driver_utilities.modify_run_configuration:245 - Using pinned version: scikit-learn==0.22.1
2023-10-08 00:49:45.454 - INFO - 6977 - azureml.train.automl._experiment_drivers.driver_utilities.modify_run_configuration:239 - Package numpy missing from dependencies file.
2023-10-08 00:49:45.454 - INFO - 6977 - azureml.train.automl._experiment_drivers.driver_utilities.modify_run_configuration:245 - Using pinned version: numpy==1.21.6
2023-10-08 00:49:45.455 - INFO - 6977 - azureml.train.automl._experiment_drivers.driver_utilities.modify_run_configuration:239 - Package py-xgboost missing from dependencies file.
2023-10-08 00:49:45.455 - INFO - 6977 - azureml.train.automl._experiment_drivers.driver_utilities.modify_run_configuration:245 - Using pinned version: py-xgboost==1.3.3
2023-10-08 00:49:45.455 - INFO - 6977 - azureml.train.automl._experiment_drivers.driver_utilities.modify_run_configuration:239 - Package inference-schema missing from dependencies file.
2023-10-08 00:49:45.456 - INFO - 6977 - azureml.train.automl._experiment_drivers.driver_utilities.modify_run_configuration:249 - Using installed version: inference-schema==1.5.1
2023-10-08 00:49:45.456 - INFO - 6977 - azureml.train.automl._experiment_drivers.driver_utilities.modify_run_configuration:239 - Package fbprophet missing from dependencies file.
2023-10-08 00:49:45.457 - INFO - 6977 - azureml.train.automl._experiment_drivers.driver_utilities.modify_run_configuration:245 - Using pinned version: fbprophet==0.7.1
2023-10-08 00:49:45.457 - INFO - 6977 - azureml.train.automl._experiment_drivers.driver_utilities.modify_run_configuration:239 - Package holidays missing from dependencies file.
2023-10-08 00:49:45.457 - INFO - 6977 - azureml.train.automl._experiment_drivers.driver_utilities.modify_run_configuration:245 - Using pinned version: holidays==0.10.3
2023-10-08 00:49:45.458 - INFO - 6977 - azureml.train.automl._experiment_drivers.driver_utilities.modify_run_configuration:239 - Package joblib missing from dependencies file.
2023-10-08 00:49:45.458 - INFO - 6977 - azureml.train.automl._experiment_drivers.driver_utilities.modify_run_configuration:245 - Using pinned version: joblib==0.14.1
2023-10-08 00:49:45.458 - INFO - 6977 - azureml.train.automl._experiment_drivers.driver_utilities.modify_run_configuration:239 - Package pystan missing from dependencies file.
2023-10-08 00:49:45.459 - INFO - 6977 - azureml.train.automl._experiment_drivers.driver_utilities.modify_run_configuration:245 - Using pinned version: pystan==2.19.1.1
2023-10-08 00:49:45.459 - INFO - 6977 - azureml.train.automl._experiment_drivers.driver_utilities.modify_run_configuration:239 - Package setuptools-git missing from dependencies file.
2023-10-08 00:49:45.459 - INFO - 6977 - azureml.train.automl._experiment_drivers.driver_utilities.modify_run_configuration:249 - Using installed version: setuptools-git==1.2
2023-10-08 00:49:45.460 - INFO - 6977 - azureml.train.automl._experiment_drivers.driver_utilities.modify_run_configuration:239 - Package urllib3 missing from dependencies file.
2023-10-08 00:49:45.460 - INFO - 6977 - azureml.train.automl._experiment_drivers.driver_utilities.modify_run_configuration:249 - Using installed version: urllib3==1.26.16
2023-10-08 00:49:45.461 - INFO - 6977 - azureml.train.automl._experiment_drivers.driver_utilities.modify_run_configuration:239 - Package azure-core missing from dependencies file.
2023-10-08 00:49:45.461 - INFO - 6977 - azureml.train.automl._experiment_drivers.driver_utilities.modify_run_configuration:249 - Using installed version: azure-core==1.26.4
2023-10-08 00:49:45.461 - INFO - 6977 - azureml.train.automl._experiment_drivers.driver_utilities.modify_run_configuration:239 - Package boto3 missing from dependencies file.
2023-10-08 00:49:45.462 - INFO - 6977 - azureml.train.automl._experiment_drivers.driver_utilities.modify_run_configuration:245 - Using pinned version: boto3==1.15.18
2023-10-08 00:49:45.462 - INFO - 6977 - azureml.train.automl._experiment_drivers.driver_utilities.modify_run_configuration:239 - Package botocore missing from dependencies file.
2023-10-08 00:49:45.462 - INFO - 6977 - azureml.train.automl._experiment_drivers.driver_utilities.modify_run_configuration:245 - Using pinned version: botocore==1.18.18
2023-10-08 00:49:45.464 - INFO - 6977 - azureml.automl.core.dataset_utilities._save_datasets_to_json:255 - JSON serialization of input of type <class 'NoneType'> is un-supported.
2023-10-08 00:49:45.464 - INFO - 6977 - azureml.automl.core.dataset_utilities._save_datasets_to_json:255 - JSON serialization of input of type <class 'NoneType'> is un-supported.
2023-10-08 00:49:45.465 - INFO - 6977 - azureml.train.automl._experiment_drivers.driver_utilities.validate_input:124 - Start data validation.
2023-10-08 00:50:11.145 - INFO - 6977 - azureml.train.automl._experiment_drivers.driver_utilities.modify_run_configuration:239 - Package azureml-train-automl missing from dependencies file.
2023-10-08 00:50:11.146 - INFO - 6977 - azureml.train.automl._experiment_drivers.driver_utilities.modify_run_configuration:245 - Using pinned version: azureml-train-automl==1.51.0.*
2023-10-08 00:50:11.146 - INFO - 6977 - azureml.train.automl._experiment_drivers.driver_utilities.modify_run_configuration:239 - Package pandas missing from dependencies file.
2023-10-08 00:50:11.146 - INFO - 6977 - azureml.train.automl._experiment_drivers.driver_utilities.modify_run_configuration:245 - Using pinned version: pandas==1.1.5
2023-10-08 00:50:11.147 - INFO - 6977 - azureml.train.automl._experiment_drivers.driver_utilities.modify_run_configuration:239 - Package psutil missing from dependencies file.
2023-10-08 00:50:11.147 - INFO - 6977 - azureml.train.automl._experiment_drivers.driver_utilities.modify_run_configuration:245 - Using pinned version: psutil>5.0.0,<6.0.0
2023-10-08 00:50:11.147 - INFO - 6977 - azureml.train.automl._experiment_drivers.driver_utilities.modify_run_configuration:239 - Package scikit-learn missing from dependencies file.
2023-10-08 00:50:11.148 - INFO - 6977 - azureml.train.automl._experiment_drivers.driver_utilities.modify_run_configuration:245 - Using pinned version: scikit-learn==0.22.1
2023-10-08 00:50:11.148 - INFO - 6977 - azureml.train.automl._experiment_drivers.driver_utilities.modify_run_configuration:239 - Package numpy missing from dependencies file.
2023-10-08 00:50:11.148 - INFO - 6977 - azureml.train.automl._experiment_drivers.driver_utilities.modify_run_configuration:245 - Using pinned version: numpy==1.21.6
2023-10-08 00:50:11.148 - INFO - 6977 - azureml.train.automl._experiment_drivers.driver_utilities.modify_run_configuration:239 - Package py-xgboost missing from dependencies file.
2023-10-08 00:50:11.149 - INFO - 6977 - azureml.train.automl._experiment_drivers.driver_utilities.modify_run_configuration:245 - Using pinned version: py-xgboost==1.3.3
2023-10-08 00:50:11.149 - INFO - 6977 - azureml.train.automl._experiment_drivers.driver_utilities.modify_run_configuration:239 - Package inference-schema missing from dependencies file.
2023-10-08 00:50:11.149 - INFO - 6977 - azureml.train.automl._experiment_drivers.driver_utilities.modify_run_configuration:249 - Using installed version: inference-schema==1.5.1
2023-10-08 00:50:11.150 - INFO - 6977 - azureml.train.automl._experiment_drivers.driver_utilities.modify_run_configuration:239 - Package fbprophet missing from dependencies file.
2023-10-08 00:50:11.150 - INFO - 6977 - azureml.train.automl._experiment_drivers.driver_utilities.modify_run_configuration:245 - Using pinned version: fbprophet==0.7.1
2023-10-08 00:50:11.150 - INFO - 6977 - azureml.train.automl._experiment_drivers.driver_utilities.modify_run_configuration:239 - Package holidays missing from dependencies file.
2023-10-08 00:50:11.151 - INFO - 6977 - azureml.train.automl._experiment_drivers.driver_utilities.modify_run_configuration:245 - Using pinned version: holidays==0.10.3
2023-10-08 00:50:11.151 - INFO - 6977 - azureml.train.automl._experiment_drivers.driver_utilities.modify_run_configuration:239 - Package joblib missing from dependencies file.
2023-10-08 00:50:11.151 - INFO - 6977 - azureml.train.automl._experiment_drivers.driver_utilities.modify_run_configuration:245 - Using pinned version: joblib==0.14.1
2023-10-08 00:50:11.152 - INFO - 6977 - azureml.train.automl._experiment_drivers.driver_utilities.modify_run_configuration:239 - Package pystan missing from dependencies file.
2023-10-08 00:50:11.152 - INFO - 6977 - azureml.train.automl._experiment_drivers.driver_utilities.modify_run_configuration:245 - Using pinned version: pystan==2.19.1.1
2023-10-08 00:50:11.152 - INFO - 6977 - azureml.train.automl._experiment_drivers.driver_utilities.modify_run_configuration:239 - Package setuptools-git missing from dependencies file.
2023-10-08 00:50:11.152 - INFO - 6977 - azureml.train.automl._experiment_drivers.driver_utilities.modify_run_configuration:249 - Using installed version: setuptools-git==1.2
2023-10-08 00:50:11.153 - INFO - 6977 - azureml.train.automl._experiment_drivers.driver_utilities.modify_run_configuration:239 - Package urllib3 missing from dependencies file.
2023-10-08 00:50:11.153 - INFO - 6977 - azureml.train.automl._experiment_drivers.driver_utilities.modify_run_configuration:249 - Using installed version: urllib3==1.26.16
2023-10-08 00:50:11.153 - INFO - 6977 - azureml.train.automl._experiment_drivers.driver_utilities.modify_run_configuration:239 - Package azure-core missing from dependencies file.
2023-10-08 00:50:11.154 - INFO - 6977 - azureml.train.automl._experiment_drivers.driver_utilities.modify_run_configuration:249 - Using installed version: azure-core==1.26.4
2023-10-08 00:50:11.154 - INFO - 6977 - azureml.train.automl._experiment_drivers.driver_utilities.modify_run_configuration:239 - Package boto3 missing from dependencies file.
2023-10-08 00:50:11.154 - INFO - 6977 - azureml.train.automl._experiment_drivers.driver_utilities.modify_run_configuration:245 - Using pinned version: boto3==1.15.18
2023-10-08 00:50:11.155 - INFO - 6977 - azureml.train.automl._experiment_drivers.driver_utilities.modify_run_configuration:239 - Package botocore missing from dependencies file.
2023-10-08 00:50:11.155 - INFO - 6977 - azureml.train.automl._experiment_drivers.driver_utilities.modify_run_configuration:245 - Using pinned version: botocore==1.18.18
2023-10-08 00:50:11.156 - INFO - 6977 - azureml.automl.core.dataset_utilities._save_datasets_to_json:255 - JSON serialization of input of type <class 'NoneType'> is un-supported.
2023-10-08 00:50:11.156 - INFO - 6977 - azureml.automl.core.dataset_utilities._save_datasets_to_json:255 - JSON serialization of input of type <class 'NoneType'> is un-supported.
2023-10-08 00:50:11.158 - INFO - 6977 - azureml.train.automl._experiment_drivers.driver_utilities.validate_input:124 - Start data validation.
2023-10-08 01:04:24.288 - INFO - 6977 - azureml.train.automl._experiment_drivers.driver_utilities.modify_run_configuration:239 - Package azureml-train-automl missing from dependencies file.
2023-10-08 01:04:24.294 - INFO - 6977 - azureml.train.automl._experiment_drivers.driver_utilities.modify_run_configuration:245 - Using pinned version: azureml-train-automl==1.51.0.*
2023-10-08 01:04:24.299 - INFO - 6977 - azureml.train.automl._experiment_drivers.driver_utilities.modify_run_configuration:239 - Package pandas missing from dependencies file.
2023-10-08 01:04:24.304 - INFO - 6977 - azureml.train.automl._experiment_drivers.driver_utilities.modify_run_configuration:245 - Using pinned version: pandas==1.1.5
2023-10-08 01:04:24.309 - INFO - 6977 - azureml.train.automl._experiment_drivers.driver_utilities.modify_run_configuration:239 - Package psutil missing from dependencies file.
2023-10-08 01:04:24.314 - INFO - 6977 - azureml.train.automl._experiment_drivers.driver_utilities.modify_run_configuration:245 - Using pinned version: psutil>5.0.0,<6.0.0
2023-10-08 01:04:24.318 - INFO - 6977 - azureml.train.automl._experiment_drivers.driver_utilities.modify_run_configuration:239 - Package scikit-learn missing from dependencies file.
2023-10-08 01:04:24.324 - INFO - 6977 - azureml.train.automl._experiment_drivers.driver_utilities.modify_run_configuration:245 - Using pinned version: scikit-learn==0.22.1
2023-10-08 01:04:24.328 - INFO - 6977 - azureml.train.automl._experiment_drivers.driver_utilities.modify_run_configuration:239 - Package numpy missing from dependencies file.
2023-10-08 01:04:24.333 - INFO - 6977 - azureml.train.automl._experiment_drivers.driver_utilities.modify_run_configuration:245 - Using pinned version: numpy==1.21.6
2023-10-08 01:04:24.338 - INFO - 6977 - azureml.train.automl._experiment_drivers.driver_utilities.modify_run_configuration:239 - Package py-xgboost missing from dependencies file.
2023-10-08 01:04:24.342 - INFO - 6977 - azureml.train.automl._experiment_drivers.driver_utilities.modify_run_configuration:245 - Using pinned version: py-xgboost==1.3.3
2023-10-08 01:04:24.347 - INFO - 6977 - azureml.train.automl._experiment_drivers.driver_utilities.modify_run_configuration:239 - Package inference-schema missing from dependencies file.
2023-10-08 01:04:24.352 - INFO - 6977 - azureml.train.automl._experiment_drivers.driver_utilities.modify_run_configuration:249 - Using installed version: inference-schema==1.5.1
2023-10-08 01:04:24.352 - INFO - 6977 - azureml.train.automl._experiment_drivers.driver_utilities.modify_run_configuration:239 - Package fbprophet missing from dependencies file.
2023-10-08 01:04:24.352 - INFO - 6977 - azureml.train.automl._experiment_drivers.driver_utilities.modify_run_configuration:245 - Using pinned version: fbprophet==0.7.1
2023-10-08 01:04:24.353 - INFO - 6977 - azureml.train.automl._experiment_drivers.driver_utilities.modify_run_configuration:239 - Package holidays missing from dependencies file.
2023-10-08 01:04:24.353 - INFO - 6977 - azureml.train.automl._experiment_drivers.driver_utilities.modify_run_configuration:245 - Using pinned version: holidays==0.10.3
2023-10-08 01:04:24.354 - INFO - 6977 - azureml.train.automl._experiment_drivers.driver_utilities.modify_run_configuration:239 - Package joblib missing from dependencies file.
2023-10-08 01:04:24.354 - INFO - 6977 - azureml.train.automl._experiment_drivers.driver_utilities.modify_run_configuration:245 - Using pinned version: joblib==0.14.1
2023-10-08 01:04:24.354 - INFO - 6977 - azureml.train.automl._experiment_drivers.driver_utilities.modify_run_configuration:239 - Package pystan missing from dependencies file.
2023-10-08 01:04:24.354 - INFO - 6977 - azureml.train.automl._experiment_drivers.driver_utilities.modify_run_configuration:245 - Using pinned version: pystan==2.19.1.1
2023-10-08 01:04:24.355 - INFO - 6977 - azureml.train.automl._experiment_drivers.driver_utilities.modify_run_configuration:239 - Package setuptools-git missing from dependencies file.
2023-10-08 01:04:24.355 - INFO - 6977 - azureml.train.automl._experiment_drivers.driver_utilities.modify_run_configuration:249 - Using installed version: setuptools-git==1.2
2023-10-08 01:04:24.355 - INFO - 6977 - azureml.train.automl._experiment_drivers.driver_utilities.modify_run_configuration:239 - Package urllib3 missing from dependencies file.
2023-10-08 01:04:24.356 - INFO - 6977 - azureml.train.automl._experiment_drivers.driver_utilities.modify_run_configuration:249 - Using installed version: urllib3==1.26.16
2023-10-08 01:04:24.356 - INFO - 6977 - azureml.train.automl._experiment_drivers.driver_utilities.modify_run_configuration:239 - Package azure-core missing from dependencies file.
2023-10-08 01:04:24.356 - INFO - 6977 - azureml.train.automl._experiment_drivers.driver_utilities.modify_run_configuration:249 - Using installed version: azure-core==1.26.4
2023-10-08 01:04:24.356 - INFO - 6977 - azureml.train.automl._experiment_drivers.driver_utilities.modify_run_configuration:239 - Package boto3 missing from dependencies file.
2023-10-08 01:04:24.357 - INFO - 6977 - azureml.train.automl._experiment_drivers.driver_utilities.modify_run_configuration:245 - Using pinned version: boto3==1.15.18
2023-10-08 01:04:24.357 - INFO - 6977 - azureml.train.automl._experiment_drivers.driver_utilities.modify_run_configuration:239 - Package botocore missing from dependencies file.
2023-10-08 01:04:24.357 - INFO - 6977 - azureml.train.automl._experiment_drivers.driver_utilities.modify_run_configuration:245 - Using pinned version: botocore==1.18.18
2023-10-08 01:04:24.359 - INFO - 6977 - azureml.automl.core.dataset_utilities._save_datasets_to_json:255 - JSON serialization of input of type <class 'NoneType'> is un-supported.
2023-10-08 01:04:24.359 - INFO - 6977 - azureml.automl.core.dataset_utilities._save_datasets_to_json:255 - JSON serialization of input of type <class 'NoneType'> is un-supported.
2023-10-08 01:04:24.360 - INFO - 6977 - azureml.train.automl._experiment_drivers.driver_utilities.validate_input:124 - Start data validation.
2023-10-08 01:04:25.334 - INFO - 6977 - azureml.train.automl._experiment_drivers.driver_utilities.validate_input:137 - Validation service found the data has no errors.
2023-10-08 01:04:25.335 - INFO - 6977 - azureml.train.automl._experiment_drivers.driver_utilities.create_remote_parent_run:381 - Start creating parent run.
2023-10-08 01:04:25.732 - INFO - 6977 - azureml.train.automl._experiment_drivers.driver_utilities.create_remote_parent_run:401 - [ParentRunID:AutoML_054d496a-23c1-4a94-aace-2daf4dca2f3a] Remote run using input X and y.
2023-10-08 01:04:26.291 - INFO - 6977 - azureml.train.automl._experiment_drivers.driver_utilities.start_remote_run:336 - Starting a snapshot run (snapshot_id : None)
